D:\VISUAL STUDIO 2010\PROJECTS\99\99\DEBUG\99.EXE.EMBED.MANIFEST
D:\VISUAL STUDIO 2010\PROJECTS\99\99\DEBUG\99.EXE.EMBED.MANIFEST.RES
D:\VISUAL STUDIO 2010\PROJECTS\99\99\DEBUG\99.EXE.INTERMEDIATE.MANIFEST
D:\VISUAL STUDIO 2010\PROJECTS\99\99\DEBUG\99.OBJ
D:\VISUAL STUDIO 2010\PROJECTS\99\99\DEBUG\99.PCH
d:\visual studio 2010\Projects\99\99\Debug\99.vcxprojResolveAssemblyReference.cache
d:\visual studio 2010\Projects\99\99\Debug\99.write.1.tlog
d:\visual studio 2010\Projects\99\99\Debug\99_manifest.rc
d:\visual studio 2010\Projects\99\99\Debug\cl.command.1.tlog
d:\visual studio 2010\Projects\99\99\Debug\CL.read.1.tlog
d:\visual studio 2010\Projects\99\99\Debug\CL.write.1.tlog
d:\visual studio 2010\Projects\99\99\Debug\link.15048.read.1.tlog
d:\visual studio 2010\Projects\99\99\Debug\link.15048.write.1.tlog
d:\visual studio 2010\Projects\99\99\Debug\link.15048-cvtres.read.1.tlog
d:\visual studio 2010\Projects\99\99\Debug\link.15048-cvtres.write.1.tlog
d:\visual studio 2010\Projects\99\99\Debug\link.15536.read.1.tlog
d:\visual studio 2010\Projects\99\99\Debug\link.15536.write.1.tlog
d:\visual studio 2010\Projects\99\99\Debug\link.15536-cvtres.read.1.tlog
d:\visual studio 2010\Projects\99\99\Debug\link.15536-cvtres.write.1.tlog
d:\visual studio 2010\Projects\99\99\Debug\link.command.1.tlog
d:\visual studio 2010\Projects\99\99\Debug\link.read.1.tlog
d:\visual studio 2010\Projects\99\99\Debug\link.write.1.tlog
d:\visual studio 2010\Projects\99\99\Debug\link-cvtres.read.1.tlog
d:\visual studio 2010\Projects\99\99\Debug\link-cvtres.write.1.tlog
d:\visual studio 2010\Projects\99\99\Debug\mt.command.1.tlog
d:\visual studio 2010\Projects\99\99\Debug\mt.read.1.tlog
d:\visual studio 2010\Projects\99\99\Debug\mt.write.1.tlog
d:\visual studio 2010\Projects\99\99\Debug\rc.command.1.tlog
d:\visual studio 2010\Projects\99\99\Debug\rc.read.1.tlog
d:\visual studio 2010\Projects\99\99\Debug\rc.write.1.tlog
D:\VISUAL STUDIO 2010\PROJECTS\99\99\DEBUG\SJTYPE.OBJ
D:\VISUAL STUDIO 2010\PROJECTS\99\99\DEBUG\STDAFX.OBJ
d:\visual studio 2010\Projects\99\99\Debug\vc100.idb
D:\VISUAL STUDIO 2010\PROJECTS\99\99\DEBUG\VC100.PDB
D:\VISUAL STUDIO 2010\PROJECTS\99\DEBUG\99.EXE
D:\VISUAL STUDIO 2010\PROJECTS\99\DEBUG\99.ILK
D:\VISUAL STUDIO 2010\PROJECTS\99\DEBUG\99.PDB
